{"C:\\Users\\johns\\Documents\\GitHub\\backend\\Database.js": {"path":"C:\\Users\\johns\\Documents\\GitHub\\backend\\Database.js","statementMap":{"0":{"start":{"line":5,"column":4},"end":{"line":5,"column":43}},"1":{"start":{"line":9,"column":23},"end":{"line":9,"column":45}},"2":{"start":{"line":10,"column":18},"end":{"line":10,"column":57}},"3":{"start":{"line":11,"column":4},"end":{"line":11,"column":21}},"4":{"start":{"line":12,"column":4},"end":{"line":12,"column":17}}},"fnMap":{"0":{"name":"(anonymous_0)","decl":{"start":{"line":4,"column":2},"end":{"line":4,"column":3}},"loc":{"start":{"line":4,"column":16},"end":{"line":6,"column":3}},"line":4},"1":{"name":"(anonymous_1)","decl":{"start":{"line":8,"column":2},"end":{"line":8,"column":3}},"loc":{"start":{"line":8,"column":31},"end":{"line":13,"column":3}},"line":8}},"branchMap":{},"s":{"0":1,"1":3,"2":3,"3":3,"4":3},"f":{"0":1,"1":3},"b":{},"_coverageSchema":"1a1c01bbd47fc00a2c39e90264f33305004495a9","hash":"6be973b1050abd3aa582bc63f1d4afec40e7e798"}
,"C:\\Users\\johns\\Documents\\GitHub\\backend\\connection.js": {"path":"C:\\Users\\johns\\Documents\\GitHub\\backend\\connection.js","statementMap":{"0":{"start":{"line":4,"column":0},"end":{"line":4,"column":42}},"1":{"start":{"line":6,"column":13},"end":{"line":6,"column":33}},"2":{"start":{"line":7,"column":12},"end":{"line":7,"column":36}},"3":{"start":{"line":8,"column":16},"end":{"line":14,"column":1}},"4":{"start":{"line":16,"column":21},"end":{"line":16,"column":46}}},"fnMap":{"0":{"name":"(anonymous_0)","decl":{"start":{"line":16,"column":15},"end":{"line":16,"column":16}},"loc":{"start":{"line":16,"column":21},"end":{"line":16,"column":46}},"line":16}},"branchMap":{},"s":{"0":1,"1":1,"2":1,"3":1,"4":3},"f":{"0":3},"b":{},"_coverageSchema":"1a1c01bbd47fc00a2c39e90264f33305004495a9","hash":"d7d0883e4c3c1e1586ad9a482efa601f6323aa45"}
,"C:\\Users\\johns\\Documents\\GitHub\\backend\\featureFlags.js": {"path":"C:\\Users\\johns\\Documents\\GitHub\\backend\\featureFlags.js","statementMap":{"0":{"start":{"line":1,"column":25},"end":{"line":9,"column":1}}},"fnMap":{},"branchMap":{},"s":{"0":0},"f":{},"b":{}}
,"C:\\Users\\johns\\Documents\\GitHub\\backend\\getToken.js": {"path":"C:\\Users\\johns\\Documents\\GitHub\\backend\\getToken.js","statementMap":{"0":{"start":{"line":6,"column":0},"end":{"line":6,"column":16}},"1":{"start":{"line":9,"column":2},"end":{"line":9,"column":50}},"2":{"start":{"line":9,"column":40},"end":{"line":9,"column":50}},"3":{"start":{"line":10,"column":31},"end":{"line":10,"column":77}},"4":{"start":{"line":11,"column":2},"end":{"line":11,"column":40}},"5":{"start":{"line":11,"column":30},"end":{"line":11,"column":40}},"6":{"start":{"line":12,"column":23},"end":{"line":12,"column":54}},"7":{"start":{"line":14,"column":2},"end":{"line":17,"column":3}},"8":{"start":{"line":15,"column":21},"end":{"line":15,"column":59}},"9":{"start":{"line":16,"column":4},"end":{"line":16,"column":20}},"10":{"start":{"line":18,"column":2},"end":{"line":18,"column":25}},"11":{"start":{"line":22,"column":2},"end":{"line":22,"column":51}},"12":{"start":{"line":22,"column":41},"end":{"line":22,"column":51}},"13":{"start":{"line":23,"column":20},"end":{"line":23,"column":44}},"14":{"start":{"line":24,"column":2},"end":{"line":29,"column":3}},"15":{"start":{"line":25,"column":4},"end":{"line":25,"column":42}},"16":{"start":{"line":26,"column":4},"end":{"line":26,"column":17}},"17":{"start":{"line":28,"column":4},"end":{"line":28,"column":14}},"18":{"start":{"line":33,"column":2},"end":{"line":33,"column":32}},"19":{"start":{"line":33,"column":22},"end":{"line":33,"column":32}},"20":{"start":{"line":34,"column":20},"end":{"line":34,"column":71}},"21":{"start":{"line":35,"column":21},"end":{"line":35,"column":73}},"22":{"start":{"line":36,"column":2},"end":{"line":36,"column":33}},"23":{"start":{"line":40,"column":16},"end":{"line":40,"column":45}},"24":{"start":{"line":41,"column":2},"end":{"line":41,"column":24}}},"fnMap":{"0":{"name":"getTokenFromBasicAuthorization","decl":{"start":{"line":8,"column":15},"end":{"line":8,"column":45}},"loc":{"start":{"line":8,"column":61},"end":{"line":19,"column":1}},"line":8},"1":{"name":"getTokenFromBearerAuthorization","decl":{"start":{"line":21,"column":15},"end":{"line":21,"column":46}},"loc":{"start":{"line":21,"column":62},"end":{"line":30,"column":1}},"line":21},"2":{"name":"getToken","decl":{"start":{"line":32,"column":22},"end":{"line":32,"column":30}},"loc":{"start":{"line":32,"column":46},"end":{"line":37,"column":1}},"line":32},"3":{"name":"getUsername","decl":{"start":{"line":39,"column":22},"end":{"line":39,"column":33}},"loc":{"start":{"line":39,"column":49},"end":{"line":42,"column":1}},"line":39}},"branchMap":{"0":{"loc":{"start":{"line":9,"column":2},"end":{"line":9,"column":50}},"type":"if","locations":[{"start":{"line":9,"column":2},"end":{"line":9,"column":50}},{"start":{},"end":{}}],"line":9},"1":{"loc":{"start":{"line":11,"column":2},"end":{"line":11,"column":40}},"type":"if","locations":[{"start":{"line":11,"column":2},"end":{"line":11,"column":40}},{"start":{},"end":{}}],"line":11},"2":{"loc":{"start":{"line":11,"column":6},"end":{"line":11,"column":28}},"type":"binary-expr","locations":[{"start":{"line":11,"column":6},"end":{"line":11,"column":15}},{"start":{"line":11,"column":19},"end":{"line":11,"column":28}}],"line":11},"3":{"loc":{"start":{"line":14,"column":2},"end":{"line":17,"column":3}},"type":"if","locations":[{"start":{"line":14,"column":2},"end":{"line":17,"column":3}},{"start":{},"end":{}}],"line":14},"4":{"loc":{"start":{"line":22,"column":2},"end":{"line":22,"column":51}},"type":"if","locations":[{"start":{"line":22,"column":2},"end":{"line":22,"column":51}},{"start":{},"end":{}}],"line":22},"5":{"loc":{"start":{"line":33,"column":2},"end":{"line":33,"column":32}},"type":"if","locations":[{"start":{"line":33,"column":2},"end":{"line":33,"column":32}},{"start":{},"end":{}}],"line":33},"6":{"loc":{"start":{"line":36,"column":9},"end":{"line":36,"column":32}},"type":"binary-expr","locations":[{"start":{"line":36,"column":9},"end":{"line":36,"column":18}},{"start":{"line":36,"column":22},"end":{"line":36,"column":32}}],"line":36}},"s":{"0":0,"1":0,"2":0,"3":0,"4":0,"5":0,"6":0,"7":0,"8":0,"9":0,"10":0,"11":0,"12":0,"13":0,"14":0,"15":0,"16":0,"17":0,"18":0,"19":0,"20":0,"21":0,"22":0,"23":0,"24":0},"f":{"0":0,"1":0,"2":0,"3":0},"b":{"0":[0,0],"1":[0,0],"2":[0,0],"3":[0,0],"4":[0,0],"5":[0,0],"6":[0,0]}}
,"C:\\Users\\johns\\Documents\\GitHub\\backend\\login.js": {"path":"C:\\Users\\johns\\Documents\\GitHub\\backend\\login.js","statementMap":{"0":{"start":{"line":5,"column":0},"end":{"line":5,"column":16}},"1":{"start":{"line":7,"column":28},"end":{"line":10,"column":1}},"2":{"start":{"line":8,"column":15},"end":{"line":8,"column":41}},"3":{"start":{"line":9,"column":2},"end":{"line":9,"column":14}},"4":{"start":{"line":12,"column":26},"end":{"line":25,"column":1}},"5":{"start":{"line":13,"column":23},"end":{"line":13,"column":27}},"6":{"start":{"line":14,"column":21},"end":{"line":14,"column":25}},"7":{"start":{"line":15,"column":15},"end":{"line":15,"column":37}},"8":{"start":{"line":16,"column":2},"end":{"line":16,"column":29}},"9":{"start":{"line":17,"column":2},"end":{"line":24,"column":5}},"10":{"start":{"line":18,"column":23},"end":{"line":18,"column":65}},"11":{"start":{"line":19,"column":25},"end":{"line":19,"column":61}},"12":{"start":{"line":21,"column":4},"end":{"line":23,"column":7}},"13":{"start":{"line":22,"column":6},"end":{"line":22,"column":52}},"14":{"start":{"line":27,"column":34},"end":{"line":34,"column":1}},"15":{"start":{"line":28,"column":15},"end":{"line":28,"column":54}},"16":{"start":{"line":29,"column":2},"end":{"line":33,"column":5}},"17":{"start":{"line":30,"column":4},"end":{"line":32,"column":7}},"18":{"start":{"line":31,"column":6},"end":{"line":31,"column":52}},"19":{"start":{"line":36,"column":32},"end":{"line":36,"column":82}},"20":{"start":{"line":36,"column":55},"end":{"line":36,"column":82}},"21":{"start":{"line":38,"column":31},"end":{"line":47,"column":1}},"22":{"start":{"line":39,"column":2},"end":{"line":39,"column":60}},"23":{"start":{"line":40,"column":23},"end":{"line":45,"column":4}},"24":{"start":{"line":41,"column":4},"end":{"line":44,"column":7}},"25":{"start":{"line":42,"column":6},"end":{"line":43,"column":23}},"26":{"start":{"line":42,"column":45},"end":{"line":42,"column":74}},"27":{"start":{"line":43,"column":11},"end":{"line":43,"column":23}},"28":{"start":{"line":46,"column":2},"end":{"line":46,"column":22}}},"fnMap":{"0":{"name":"(anonymous_0)","decl":{"start":{"line":7,"column":28},"end":{"line":7,"column":29}},"loc":{"start":{"line":7,"column":39},"end":{"line":10,"column":1}},"line":7},"1":{"name":"(anonymous_1)","decl":{"start":{"line":12,"column":26},"end":{"line":12,"column":27}},"loc":{"start":{"line":12,"column":47},"end":{"line":25,"column":1}},"line":12},"2":{"name":"(anonymous_2)","decl":{"start":{"line":17,"column":21},"end":{"line":17,"column":22}},"loc":{"start":{"line":17,"column":34},"end":{"line":24,"column":3}},"line":17},"3":{"name":"(anonymous_3)","decl":{"start":{"line":21,"column":111},"end":{"line":21,"column":112}},"loc":{"start":{"line":21,"column":130},"end":{"line":23,"column":5}},"line":21},"4":{"name":"(anonymous_4)","decl":{"start":{"line":27,"column":34},"end":{"line":27,"column":35}},"loc":{"start":{"line":27,"column":64},"end":{"line":34,"column":1}},"line":27},"5":{"name":"(anonymous_5)","decl":{"start":{"line":29,"column":21},"end":{"line":29,"column":22}},"loc":{"start":{"line":29,"column":34},"end":{"line":33,"column":3}},"line":29},"6":{"name":"(anonymous_6)","decl":{"start":{"line":30,"column":87},"end":{"line":30,"column":88}},"loc":{"start":{"line":30,"column":106},"end":{"line":32,"column":5}},"line":30},"7":{"name":"(anonymous_7)","decl":{"start":{"line":36,"column":32},"end":{"line":36,"column":33}},"loc":{"start":{"line":36,"column":55},"end":{"line":36,"column":82}},"line":36},"8":{"name":"(anonymous_8)","decl":{"start":{"line":38,"column":31},"end":{"line":38,"column":32}},"loc":{"start":{"line":38,"column":51},"end":{"line":47,"column":1}},"line":38},"9":{"name":"(anonymous_9)","decl":{"start":{"line":40,"column":35},"end":{"line":40,"column":36}},"loc":{"start":{"line":40,"column":48},"end":{"line":45,"column":3}},"line":40},"10":{"name":"(anonymous_10)","decl":{"start":{"line":41,"column":80},"end":{"line":41,"column":81}},"loc":{"start":{"line":41,"column":98},"end":{"line":44,"column":5}},"line":41}},"branchMap":{"0":{"loc":{"start":{"line":12,"column":33},"end":{"line":12,"column":42}},"type":"default-arg","locations":[{"start":{"line":12,"column":40},"end":{"line":12,"column":42}}],"line":12},"1":{"loc":{"start":{"line":22,"column":14},"end":{"line":22,"column":50}},"type":"cond-expr","locations":[{"start":{"line":22,"column":22},"end":{"line":22,"column":31}},{"start":{"line":22,"column":34},"end":{"line":22,"column":50}}],"line":22},"2":{"loc":{"start":{"line":31,"column":14},"end":{"line":31,"column":50}},"type":"cond-expr","locations":[{"start":{"line":31,"column":22},"end":{"line":31,"column":31}},{"start":{"line":31,"column":34},"end":{"line":31,"column":50}}],"line":31},"3":{"loc":{"start":{"line":42,"column":6},"end":{"line":43,"column":23}},"type":"if","locations":[{"start":{"line":42,"column":6},"end":{"line":43,"column":23}},{"start":{"line":43,"column":11},"end":{"line":43,"column":23}}],"line":42},"4":{"loc":{"start":{"line":42,"column":10},"end":{"line":42,"column":43}},"type":"binary-expr","locations":[{"start":{"line":42,"column":10},"end":{"line":42,"column":14}},{"start":{"line":42,"column":18},"end":{"line":42,"column":25}},{"start":{"line":42,"column":29},"end":{"line":42,"column":43}}],"line":42}},"s":{"0":0,"1":0,"2":0,"3":0,"4":0,"5":0,"6":0,"7":0,"8":0,"9":0,"10":0,"11":0,"12":0,"13":0,"14":0,"15":0,"16":0,"17":0,"18":0,"19":0,"20":0,"21":0,"22":0,"23":0,"24":0,"25":0,"26":0,"27":0,"28":0},"f":{"0":0,"1":0,"2":0,"3":0,"4":0,"5":0,"6":0,"7":0,"8":0,"9":0,"10":0},"b":{"0":[0],"1":[0,0],"2":[0,0],"3":[0,0],"4":[0,0,0]}}
,"C:\\Users\\johns\\Documents\\GitHub\\backend\\middleware.js": {"path":"C:\\Users\\johns\\Documents\\GitHub\\backend\\middleware.js","statementMap":{"0":{"start":{"line":4,"column":21},"end":{"line":11,"column":1}},"1":{"start":{"line":5,"column":2},"end":{"line":10,"column":3}},"2":{"start":{"line":6,"column":4},"end":{"line":6,"column":11}},"3":{"start":{"line":8,"column":4},"end":{"line":8,"column":52}},"4":{"start":{"line":9,"column":4},"end":{"line":9,"column":53}},"5":{"start":{"line":13,"column":31},"end":{"line":30,"column":1}},"6":{"start":{"line":14,"column":18},"end":{"line":14,"column":21}},"7":{"start":{"line":15,"column":19},"end":{"line":15,"column":56}},"8":{"start":{"line":16,"column":22},"end":{"line":16,"column":31}},"9":{"start":{"line":17,"column":2},"end":{"line":29,"column":5}},"10":{"start":{"line":18,"column":4},"end":{"line":22,"column":5}},"11":{"start":{"line":19,"column":6},"end":{"line":19,"column":40}},"12":{"start":{"line":21,"column":6},"end":{"line":21,"column":43}},"13":{"start":{"line":23,"column":4},"end":{"line":28,"column":5}},"14":{"start":{"line":24,"column":6},"end":{"line":24,"column":13}},"15":{"start":{"line":26,"column":6},"end":{"line":26,"column":64}},"16":{"start":{"line":27,"column":6},"end":{"line":27,"column":62}},"17":{"start":{"line":32,"column":24},"end":{"line":39,"column":1}},"18":{"start":{"line":33,"column":2},"end":{"line":33,"column":49}},"19":{"start":{"line":34,"column":2},"end":{"line":37,"column":4}},"20":{"start":{"line":38,"column":2},"end":{"line":38,"column":9}},"21":{"start":{"line":41,"column":30},"end":{"line":54,"column":1}},"22":{"start":{"line":42,"column":28},"end":{"line":42,"column":39}},"23":{"start":{"line":43,"column":2},"end":{"line":53,"column":5}},"24":{"start":{"line":44,"column":4},"end":{"line":52,"column":5}},"25":{"start":{"line":45,"column":6},"end":{"line":49,"column":20}},"26":{"start":{"line":46,"column":8},"end":{"line":48,"column":11}},"27":{"start":{"line":49,"column":13},"end":{"line":49,"column":20}},"28":{"start":{"line":51,"column":6},"end":{"line":51,"column":56}}},"fnMap":{"0":{"name":"(anonymous_0)","decl":{"start":{"line":4,"column":21},"end":{"line":4,"column":22}},"loc":{"start":{"line":4,"column":41},"end":{"line":11,"column":1}},"line":4},"1":{"name":"(anonymous_1)","decl":{"start":{"line":13,"column":31},"end":{"line":13,"column":32}},"loc":{"start":{"line":13,"column":51},"end":{"line":30,"column":1}},"line":13},"2":{"name":"(anonymous_2)","decl":{"start":{"line":17,"column":19},"end":{"line":17,"column":20}},"loc":{"start":{"line":17,"column":37},"end":{"line":29,"column":3}},"line":17},"3":{"name":"(anonymous_3)","decl":{"start":{"line":32,"column":24},"end":{"line":32,"column":25}},"loc":{"start":{"line":32,"column":44},"end":{"line":39,"column":1}},"line":32},"4":{"name":"(anonymous_4)","decl":{"start":{"line":41,"column":30},"end":{"line":41,"column":31}},"loc":{"start":{"line":41,"column":50},"end":{"line":54,"column":1}},"line":41},"5":{"name":"(anonymous_5)","decl":{"start":{"line":43,"column":31},"end":{"line":43,"column":32}},"loc":{"start":{"line":43,"column":42},"end":{"line":53,"column":3}},"line":43}},"branchMap":{"0":{"loc":{"start":{"line":5,"column":2},"end":{"line":10,"column":3}},"type":"if","locations":[{"start":{"line":5,"column":2},"end":{"line":10,"column":3}},{"start":{"line":7,"column":9},"end":{"line":10,"column":3}}],"line":5},"1":{"loc":{"start":{"line":18,"column":4},"end":{"line":22,"column":5}},"type":"if","locations":[{"start":{"line":18,"column":4},"end":{"line":22,"column":5}},{"start":{"line":20,"column":11},"end":{"line":22,"column":5}}],"line":18},"2":{"loc":{"start":{"line":23,"column":4},"end":{"line":28,"column":5}},"type":"if","locations":[{"start":{"line":23,"column":4},"end":{"line":28,"column":5}},{"start":{"line":25,"column":11},"end":{"line":28,"column":5}}],"line":23},"3":{"loc":{"start":{"line":44,"column":4},"end":{"line":52,"column":5}},"type":"if","locations":[{"start":{"line":44,"column":4},"end":{"line":52,"column":5}},{"start":{"line":50,"column":11},"end":{"line":52,"column":5}}],"line":44},"4":{"loc":{"start":{"line":45,"column":6},"end":{"line":49,"column":20}},"type":"if","locations":[{"start":{"line":45,"column":6},"end":{"line":49,"column":20}},{"start":{"line":49,"column":13},"end":{"line":49,"column":20}}],"line":45}},"s":{"0":0,"1":0,"2":0,"3":0,"4":0,"5":0,"6":0,"7":0,"8":0,"9":0,"10":0,"11":0,"12":0,"13":0,"14":0,"15":0,"16":0,"17":0,"18":0,"19":0,"20":0,"21":0,"22":0,"23":0,"24":0,"25":0,"26":0,"27":0,"28":0},"f":{"0":0,"1":0,"2":0,"3":0,"4":0,"5":0},"b":{"0":[0,0],"1":[0,0],"2":[0,0],"3":[0,0],"4":[0,0]}}
,"C:\\Users\\johns\\Documents\\GitHub\\backend\\server.js": {"path":"C:\\Users\\johns\\Documents\\GitHub\\backend\\server.js","statementMap":{"0":{"start":{"line":14,"column":12},"end":{"line":14,"column":21}},"1":{"start":{"line":15,"column":18},"end":{"line":15,"column":28}},"2":{"start":{"line":17,"column":0},"end":{"line":20,"column":4}},"3":{"start":{"line":22,"column":0},"end":{"line":22,"column":16}},"4":{"start":{"line":23,"column":0},"end":{"line":23,"column":40}},"5":{"start":{"line":24,"column":0},"end":{"line":24,"column":22}},"6":{"start":{"line":26,"column":0},"end":{"line":32,"column":3}},"7":{"start":{"line":31,"column":2},"end":{"line":31,"column":48}},"8":{"start":{"line":34,"column":0},"end":{"line":34,"column":20}},"9":{"start":{"line":36,"column":0},"end":{"line":50,"column":3}},"10":{"start":{"line":37,"column":33},"end":{"line":37,"column":41}},"11":{"start":{"line":38,"column":2},"end":{"line":49,"column":3}},"12":{"start":{"line":38,"column":30},"end":{"line":38,"column":53}},"13":{"start":{"line":40,"column":4},"end":{"line":48,"column":7}},"14":{"start":{"line":41,"column":6},"end":{"line":47,"column":7}},"15":{"start":{"line":42,"column":8},"end":{"line":42,"column":41}},"16":{"start":{"line":43,"column":13},"end":{"line":47,"column":7}},"17":{"start":{"line":44,"column":8},"end":{"line":46,"column":12}},"18":{"start":{"line":44,"column":79},"end":{"line":46,"column":10}},"19":{"start":{"line":52,"column":0},"end":{"line":65,"column":3}},"20":{"start":{"line":53,"column":33},"end":{"line":53,"column":41}},"21":{"start":{"line":54,"column":2},"end":{"line":54,"column":53}},"22":{"start":{"line":54,"column":30},"end":{"line":54,"column":53}},"23":{"start":{"line":55,"column":2},"end":{"line":64,"column":5}},"24":{"start":{"line":56,"column":4},"end":{"line":63,"column":5}},"25":{"start":{"line":57,"column":6},"end":{"line":57,"column":30}},"26":{"start":{"line":58,"column":11},"end":{"line":63,"column":5}},"27":{"start":{"line":59,"column":6},"end":{"line":59,"column":22}},"28":{"start":{"line":60,"column":6},"end":{"line":62,"column":10}},"29":{"start":{"line":60,"column":77},"end":{"line":62,"column":8}},"30":{"start":{"line":67,"column":0},"end":{"line":71,"column":3}},"31":{"start":{"line":68,"column":2},"end":{"line":70,"column":5}},"32":{"start":{"line":69,"column":4},"end":{"line":69,"column":64}},"33":{"start":{"line":69,"column":41},"end":{"line":69,"column":61}},"34":{"start":{"line":73,"column":0},"end":{"line":73,"column":25}}},"fnMap":{"0":{"name":"(anonymous_0)","decl":{"start":{"line":30,"column":20},"end":{"line":30,"column":21}},"loc":{"start":{"line":30,"column":26},"end":{"line":32,"column":1}},"line":30},"1":{"name":"(anonymous_1)","decl":{"start":{"line":36,"column":19},"end":{"line":36,"column":20}},"loc":{"start":{"line":36,"column":33},"end":{"line":50,"column":1}},"line":36},"2":{"name":"(anonymous_2)","decl":{"start":{"line":40,"column":30},"end":{"line":40,"column":31}},"loc":{"start":{"line":40,"column":37},"end":{"line":48,"column":5}},"line":40},"3":{"name":"(anonymous_3)","decl":{"start":{"line":44,"column":68},"end":{"line":44,"column":69}},"loc":{"start":{"line":44,"column":79},"end":{"line":46,"column":10}},"line":44},"4":{"name":"(anonymous_4)","decl":{"start":{"line":52,"column":18},"end":{"line":52,"column":19}},"loc":{"start":{"line":52,"column":32},"end":{"line":65,"column":1}},"line":52},"5":{"name":"(anonymous_5)","decl":{"start":{"line":55,"column":46},"end":{"line":55,"column":47}},"loc":{"start":{"line":55,"column":53},"end":{"line":64,"column":3}},"line":55},"6":{"name":"(anonymous_6)","decl":{"start":{"line":60,"column":66},"end":{"line":60,"column":67}},"loc":{"start":{"line":60,"column":77},"end":{"line":62,"column":8}},"line":60},"7":{"name":"(anonymous_7)","decl":{"start":{"line":67,"column":13},"end":{"line":67,"column":14}},"loc":{"start":{"line":67,"column":27},"end":{"line":71,"column":1}},"line":67},"8":{"name":"(anonymous_8)","decl":{"start":{"line":68,"column":23},"end":{"line":68,"column":24}},"loc":{"start":{"line":68,"column":42},"end":{"line":70,"column":3}},"line":68},"9":{"name":"(anonymous_9)","decl":{"start":{"line":69,"column":33},"end":{"line":69,"column":34}},"loc":{"start":{"line":69,"column":41},"end":{"line":69,"column":61}},"line":69}},"branchMap":{"0":{"loc":{"start":{"line":38,"column":2},"end":{"line":49,"column":3}},"type":"if","locations":[{"start":{"line":38,"column":2},"end":{"line":49,"column":3}},{"start":{"line":39,"column":7},"end":{"line":49,"column":3}}],"line":38},"1":{"loc":{"start":{"line":38,"column":6},"end":{"line":38,"column":28}},"type":"binary-expr","locations":[{"start":{"line":38,"column":6},"end":{"line":38,"column":15}},{"start":{"line":38,"column":19},"end":{"line":38,"column":28}}],"line":38},"2":{"loc":{"start":{"line":41,"column":6},"end":{"line":47,"column":7}},"type":"if","locations":[{"start":{"line":41,"column":6},"end":{"line":47,"column":7}},{"start":{"line":43,"column":13},"end":{"line":47,"column":7}}],"line":41},"3":{"loc":{"start":{"line":43,"column":13},"end":{"line":47,"column":7}},"type":"if","locations":[{"start":{"line":43,"column":13},"end":{"line":47,"column":7}},{"start":{},"end":{}}],"line":43},"4":{"loc":{"start":{"line":54,"column":2},"end":{"line":54,"column":53}},"type":"if","locations":[{"start":{"line":54,"column":2},"end":{"line":54,"column":53}},{"start":{},"end":{}}],"line":54},"5":{"loc":{"start":{"line":54,"column":6},"end":{"line":54,"column":28}},"type":"binary-expr","locations":[{"start":{"line":54,"column":6},"end":{"line":54,"column":15}},{"start":{"line":54,"column":19},"end":{"line":54,"column":28}}],"line":54},"6":{"loc":{"start":{"line":56,"column":4},"end":{"line":63,"column":5}},"type":"if","locations":[{"start":{"line":56,"column":4},"end":{"line":63,"column":5}},{"start":{"line":58,"column":11},"end":{"line":63,"column":5}}],"line":56},"7":{"loc":{"start":{"line":58,"column":11},"end":{"line":63,"column":5}},"type":"if","locations":[{"start":{"line":58,"column":11},"end":{"line":63,"column":5}},{"start":{},"end":{}}],"line":58},"8":{"loc":{"start":{"line":69,"column":13},"end":{"line":69,"column":62}},"type":"binary-expr","locations":[{"start":{"line":69,"column":13},"end":{"line":69,"column":18}},{"start":{"line":69,"column":22},"end":{"line":69,"column":62}}],"line":69}},"s":{"0":0,"1":0,"2":0,"3":0,"4":0,"5":0,"6":0,"7":0,"8":0,"9":0,"10":0,"11":0,"12":0,"13":0,"14":0,"15":0,"16":0,"17":0,"18":0,"19":0,"20":0,"21":0,"22":0,"23":0,"24":0,"25":0,"26":0,"27":0,"28":0,"29":0,"30":0,"31":0,"32":0,"33":0,"34":0},"f":{"0":0,"1":0,"2":0,"3":0,"4":0,"5":0,"6":0,"7":0,"8":0,"9":0},"b":{"0":[0,0],"1":[0,0],"2":[0,0],"3":[0,0],"4":[0,0],"5":[0,0],"6":[0,0],"7":[0,0],"8":[0,0]}}
,"C:\\Users\\johns\\Documents\\GitHub\\backend\\routers\\Users.js": {"path":"C:\\Users\\johns\\Documents\\GitHub\\backend\\routers\\Users.js","statementMap":{"0":{"start":{"line":6,"column":16},"end":{"line":6,"column":111}},"1":{"start":{"line":7,"column":15},"end":{"line":7,"column":23}},"2":{"start":{"line":9,"column":19},"end":{"line":17,"column":2}},"3":{"start":{"line":19,"column":0},"end":{"line":61,"column":3}},"4":{"start":{"line":22,"column":6},"end":{"line":22,"column":15}},"5":{"start":{"line":23,"column":19},"end":{"line":23,"column":38}},"6":{"start":{"line":24,"column":2},"end":{"line":24,"column":65}},"7":{"start":{"line":26,"column":18},"end":{"line":28,"column":16}},"8":{"start":{"line":29,"column":17},"end":{"line":29,"column":47}},"9":{"start":{"line":30,"column":2},"end":{"line":32,"column":3}},"10":{"start":{"line":31,"column":4},"end":{"line":31,"column":39}},"11":{"start":{"line":33,"column":2},"end":{"line":33,"column":46}},"12":{"start":{"line":34,"column":23},"end":{"line":41,"column":3}},"13":{"start":{"line":43,"column":2},"end":{"line":60,"column":5}},"14":{"start":{"line":44,"column":4},"end":{"line":57,"column":5}},"15":{"start":{"line":45,"column":6},"end":{"line":45,"column":22}},"16":{"start":{"line":46,"column":6},"end":{"line":51,"column":8}},"17":{"start":{"line":52,"column":11},"end":{"line":57,"column":5}},"18":{"start":{"line":53,"column":6},"end":{"line":56,"column":8}},"19":{"start":{"line":59,"column":4},"end":{"line":59,"column":27}},"20":{"start":{"line":63,"column":0},"end":{"line":113,"column":3}},"21":{"start":{"line":64,"column":27},"end":{"line":64,"column":37}},"22":{"start":{"line":65,"column":19},"end":{"line":65,"column":28}},"23":{"start":{"line":66,"column":17},"end":{"line":66,"column":37}},"24":{"start":{"line":67,"column":18},"end":{"line":69,"column":16}},"25":{"start":{"line":71,"column":2},"end":{"line":71,"column":46}},"26":{"start":{"line":72,"column":23},"end":{"line":79,"column":3}},"27":{"start":{"line":81,"column":2},"end":{"line":112,"column":3}},"28":{"start":{"line":82,"column":4},"end":{"line":82,"column":20}},"29":{"start":{"line":83,"column":4},"end":{"line":86,"column":6}},"30":{"start":{"line":87,"column":4},"end":{"line":87,"column":27}},"31":{"start":{"line":89,"column":4},"end":{"line":111,"column":7}},"32":{"start":{"line":90,"column":6},"end":{"line":108,"column":7}},"33":{"start":{"line":91,"column":8},"end":{"line":91,"column":24}},"34":{"start":{"line":92,"column":8},"end":{"line":96,"column":10}},"35":{"start":{"line":97,"column":13},"end":{"line":108,"column":7}},"36":{"start":{"line":98,"column":8},"end":{"line":98,"column":24}},"37":{"start":{"line":99,"column":8},"end":{"line":101,"column":10}},"38":{"start":{"line":102,"column":13},"end":{"line":108,"column":7}},"39":{"start":{"line":103,"column":8},"end":{"line":107,"column":10}},"40":{"start":{"line":110,"column":6},"end":{"line":110,"column":29}},"41":{"start":{"line":115,"column":0},"end":{"line":165,"column":3}},"42":{"start":{"line":116,"column":23},"end":{"line":123,"column":3}},"43":{"start":{"line":125,"column":2},"end":{"line":164,"column":5}},"44":{"start":{"line":126,"column":4},"end":{"line":129,"column":5}},"45":{"start":{"line":127,"column":6},"end":{"line":127,"column":72}},"46":{"start":{"line":128,"column":6},"end":{"line":128,"column":13}},"47":{"start":{"line":130,"column":4},"end":{"line":163,"column":6}},"48":{"start":{"line":131,"column":62},"end":{"line":131,"column":107}},"49":{"start":{"line":134,"column":8},"end":{"line":161,"column":9}},"50":{"start":{"line":135,"column":10},"end":{"line":153,"column":11}},"51":{"start":{"line":136,"column":12},"end":{"line":136,"column":28}},"52":{"start":{"line":137,"column":12},"end":{"line":143,"column":14}},"53":{"start":{"line":145,"column":12},"end":{"line":145,"column":28}},"54":{"start":{"line":146,"column":12},"end":{"line":152,"column":14}},"55":{"start":{"line":151,"column":83},"end":{"line":151,"column":128}},"56":{"start":{"line":154,"column":10},"end":{"line":154,"column":33}},"57":{"start":{"line":156,"column":10},"end":{"line":160,"column":13}},"58":{"start":{"line":157,"column":12},"end":{"line":157,"column":57}},"59":{"start":{"line":158,"column":12},"end":{"line":158,"column":28}},"60":{"start":{"line":159,"column":12},"end":{"line":159,"column":35}},"61":{"start":{"line":167,"column":0},"end":{"line":171,"column":3}},"62":{"start":{"line":168,"column":2},"end":{"line":168,"column":25}},"63":{"start":{"line":170,"column":2},"end":{"line":170,"column":25}},"64":{"start":{"line":173,"column":0},"end":{"line":186,"column":3}},"65":{"start":{"line":174,"column":2},"end":{"line":185,"column":5}},"66":{"start":{"line":175,"column":4},"end":{"line":184,"column":7}},"67":{"start":{"line":176,"column":6},"end":{"line":182,"column":7}},"68":{"start":{"line":177,"column":8},"end":{"line":179,"column":11}},"69":{"start":{"line":180,"column":13},"end":{"line":182,"column":7}},"70":{"start":{"line":181,"column":8},"end":{"line":181,"column":31}},"71":{"start":{"line":183,"column":6},"end":{"line":183,"column":29}}},"fnMap":{"0":{"name":"(anonymous_0)","decl":{"start":{"line":19,"column":16},"end":{"line":19,"column":17}},"loc":{"start":{"line":19,"column":30},"end":{"line":61,"column":1}},"line":19},"1":{"name":"(anonymous_1)","decl":{"start":{"line":43,"column":63},"end":{"line":43,"column":64}},"loc":{"start":{"line":43,"column":80},"end":{"line":60,"column":3}},"line":43},"2":{"name":"(anonymous_2)","decl":{"start":{"line":63,"column":29},"end":{"line":63,"column":30}},"loc":{"start":{"line":63,"column":43},"end":{"line":113,"column":1}},"line":63},"3":{"name":"(anonymous_3)","decl":{"start":{"line":89,"column":77},"end":{"line":89,"column":78}},"loc":{"start":{"line":89,"column":94},"end":{"line":111,"column":5}},"line":89},"4":{"name":"(anonymous_4)","decl":{"start":{"line":115,"column":18},"end":{"line":115,"column":19}},"loc":{"start":{"line":115,"column":32},"end":{"line":165,"column":1}},"line":115},"5":{"name":"(anonymous_5)","decl":{"start":{"line":125,"column":46},"end":{"line":125,"column":47}},"loc":{"start":{"line":125,"column":60},"end":{"line":164,"column":3}},"line":125},"6":{"name":"(anonymous_6)","decl":{"start":{"line":131,"column":55},"end":{"line":131,"column":56}},"loc":{"start":{"line":131,"column":62},"end":{"line":131,"column":107}},"line":131},"7":{"name":"(anonymous_7)","decl":{"start":{"line":133,"column":6},"end":{"line":133,"column":7}},"loc":{"start":{"line":133,"column":15},"end":{"line":162,"column":7}},"line":133},"8":{"name":"(anonymous_8)","decl":{"start":{"line":151,"column":76},"end":{"line":151,"column":77}},"loc":{"start":{"line":151,"column":83},"end":{"line":151,"column":128}},"line":151},"9":{"name":"(anonymous_9)","decl":{"start":{"line":156,"column":83},"end":{"line":156,"column":84}},"loc":{"start":{"line":156,"column":102},"end":{"line":160,"column":11}},"line":156},"10":{"name":"(anonymous_10)","decl":{"start":{"line":167,"column":17},"end":{"line":167,"column":18}},"loc":{"start":{"line":167,"column":31},"end":{"line":169,"column":1}},"line":167},"11":{"name":"(anonymous_11)","decl":{"start":{"line":169,"column":20},"end":{"line":169,"column":21}},"loc":{"start":{"line":169,"column":34},"end":{"line":171,"column":1}},"line":169},"12":{"name":"(anonymous_12)","decl":{"start":{"line":173,"column":19},"end":{"line":173,"column":20}},"loc":{"start":{"line":173,"column":33},"end":{"line":186,"column":1}},"line":173},"13":{"name":"(anonymous_13)","decl":{"start":{"line":174,"column":46},"end":{"line":174,"column":47}},"loc":{"start":{"line":174,"column":60},"end":{"line":185,"column":3}},"line":174},"14":{"name":"(anonymous_14)","decl":{"start":{"line":175,"column":71},"end":{"line":175,"column":72}},"loc":{"start":{"line":175,"column":88},"end":{"line":184,"column":5}},"line":175}},"branchMap":{"0":{"loc":{"start":{"line":23,"column":19},"end":{"line":23,"column":38}},"type":"binary-expr","locations":[{"start":{"line":23,"column":19},"end":{"line":23,"column":33}},{"start":{"line":23,"column":37},"end":{"line":23,"column":38}}],"line":23},"1":{"loc":{"start":{"line":24,"column":17},"end":{"line":24,"column":34}},"type":"binary-expr","locations":[{"start":{"line":24,"column":17},"end":{"line":24,"column":29}},{"start":{"line":24,"column":33},"end":{"line":24,"column":34}}],"line":24},"2":{"loc":{"start":{"line":24,"column":44},"end":{"line":24,"column":63}},"type":"binary-expr","locations":[{"start":{"line":24,"column":44},"end":{"line":24,"column":57}},{"start":{"line":24,"column":61},"end":{"line":24,"column":63}}],"line":24},"3":{"loc":{"start":{"line":26,"column":18},"end":{"line":28,"column":16}},"type":"binary-expr","locations":[{"start":{"line":26,"column":18},"end":{"line":28,"column":9}},{"start":{"line":28,"column":13},"end":{"line":28,"column":16}}],"line":26},"4":{"loc":{"start":{"line":29,"column":26},"end":{"line":29,"column":45}},"type":"binary-expr","locations":[{"start":{"line":29,"column":26},"end":{"line":29,"column":39}},{"start":{"line":29,"column":43},"end":{"line":29,"column":45}}],"line":29},"5":{"loc":{"start":{"line":30,"column":2},"end":{"line":32,"column":3}},"type":"if","locations":[{"start":{"line":30,"column":2},"end":{"line":32,"column":3}},{"start":{},"end":{}}],"line":30},"6":{"loc":{"start":{"line":44,"column":4},"end":{"line":57,"column":5}},"type":"if","locations":[{"start":{"line":44,"column":4},"end":{"line":57,"column":5}},{"start":{"line":52,"column":11},"end":{"line":57,"column":5}}],"line":44},"7":{"loc":{"start":{"line":52,"column":11},"end":{"line":57,"column":5}},"type":"if","locations":[{"start":{"line":52,"column":11},"end":{"line":57,"column":5}},{"start":{},"end":{}}],"line":52},"8":{"loc":{"start":{"line":67,"column":18},"end":{"line":69,"column":16}},"type":"binary-expr","locations":[{"start":{"line":67,"column":18},"end":{"line":69,"column":9}},{"start":{"line":69,"column":13},"end":{"line":69,"column":16}}],"line":67},"9":{"loc":{"start":{"line":81,"column":2},"end":{"line":112,"column":3}},"type":"if","locations":[{"start":{"line":81,"column":2},"end":{"line":112,"column":3}},{"start":{"line":88,"column":9},"end":{"line":112,"column":3}}],"line":81},"10":{"loc":{"start":{"line":90,"column":6},"end":{"line":108,"column":7}},"type":"if","locations":[{"start":{"line":90,"column":6},"end":{"line":108,"column":7}},{"start":{"line":97,"column":13},"end":{"line":108,"column":7}}],"line":90},"11":{"loc":{"start":{"line":97,"column":13},"end":{"line":108,"column":7}},"type":"if","locations":[{"start":{"line":97,"column":13},"end":{"line":108,"column":7}},{"start":{"line":102,"column":13},"end":{"line":108,"column":7}}],"line":97},"12":{"loc":{"start":{"line":102,"column":13},"end":{"line":108,"column":7}},"type":"if","locations":[{"start":{"line":102,"column":13},"end":{"line":108,"column":7}},{"start":{},"end":{}}],"line":102},"13":{"loc":{"start":{"line":126,"column":4},"end":{"line":129,"column":5}},"type":"if","locations":[{"start":{"line":126,"column":4},"end":{"line":129,"column":5}},{"start":{},"end":{}}],"line":126},"14":{"loc":{"start":{"line":131,"column":62},"end":{"line":131,"column":107}},"type":"binary-expr","locations":[{"start":{"line":131,"column":63},"end":{"line":131,"column":82}},{"start":{"line":131,"column":87},"end":{"line":131,"column":107}}],"line":131},"15":{"loc":{"start":{"line":134,"column":8},"end":{"line":161,"column":9}},"type":"if","locations":[{"start":{"line":134,"column":8},"end":{"line":161,"column":9}},{"start":{"line":155,"column":15},"end":{"line":161,"column":9}}],"line":134},"16":{"loc":{"start":{"line":135,"column":10},"end":{"line":153,"column":11}},"type":"if","locations":[{"start":{"line":135,"column":10},"end":{"line":153,"column":11}},{"start":{"line":144,"column":17},"end":{"line":153,"column":11}}],"line":135},"17":{"loc":{"start":{"line":151,"column":83},"end":{"line":151,"column":128}},"type":"binary-expr","locations":[{"start":{"line":151,"column":84},"end":{"line":151,"column":103}},{"start":{"line":151,"column":108},"end":{"line":151,"column":128}}],"line":151},"18":{"loc":{"start":{"line":176,"column":6},"end":{"line":182,"column":7}},"type":"if","locations":[{"start":{"line":176,"column":6},"end":{"line":182,"column":7}},{"start":{"line":180,"column":13},"end":{"line":182,"column":7}}],"line":176},"19":{"loc":{"start":{"line":180,"column":13},"end":{"line":182,"column":7}},"type":"if","locations":[{"start":{"line":180,"column":13},"end":{"line":182,"column":7}},{"start":{},"end":{}}],"line":180}},"s":{"0":0,"1":0,"2":0,"3":0,"4":0,"5":0,"6":0,"7":0,"8":0,"9":0,"10":0,"11":0,"12":0,"13":0,"14":0,"15":0,"16":0,"17":0,"18":0,"19":0,"20":0,"21":0,"22":0,"23":0,"24":0,"25":0,"26":0,"27":0,"28":0,"29":0,"30":0,"31":0,"32":0,"33":0,"34":0,"35":0,"36":0,"37":0,"38":0,"39":0,"40":0,"41":0,"42":0,"43":0,"44":0,"45":0,"46":0,"47":0,"48":0,"49":0,"50":0,"51":0,"52":0,"53":0,"54":0,"55":0,"56":0,"57":0,"58":0,"59":0,"60":0,"61":0,"62":0,"63":0,"64":0,"65":0,"66":0,"67":0,"68":0,"69":0,"70":0,"71":0},"f":{"0":0,"1":0,"2":0,"3":0,"4":0,"5":0,"6":0,"7":0,"8":0,"9":0,"10":0,"11":0,"12":0,"13":0,"14":0},"b":{"0":[0,0],"1":[0,0],"2":[0,0],"3":[0,0],"4":[0,0],"5":[0,0],"6":[0,0],"7":[0,0],"8":[0,0],"9":[0,0],"10":[0,0],"11":[0,0],"12":[0,0],"13":[0,0],"14":[0,0],"15":[0,0],"16":[0,0],"17":[0,0],"18":[0,0],"19":[0,0]}}
,"C:\\Users\\johns\\Documents\\GitHub\\backend\\util\\constants.js": {"path":"C:\\Users\\johns\\Documents\\GitHub\\backend\\util\\constants.js","statementMap":{"0":{"start":{"line":1,"column":29},"end":{"line":1,"column":38}}},"fnMap":{},"branchMap":{},"s":{"0":0},"f":{},"b":{}}
}
