{"/Users/noah/Documents/paw-5/backend/Database.js": {"path":"/Users/noah/Documents/paw-5/backend/Database.js","statementMap":{"0":{"start":{"line":4,"column":20},"end":{"line":4,"column":34}},"1":{"start":{"line":7,"column":4},"end":{"line":7,"column":33}},"2":{"start":{"line":11,"column":4},"end":{"line":11,"column":44}},"3":{"start":{"line":15,"column":4},"end":{"line":16,"column":55}},"4":{"start":{"line":16,"column":19},"end":{"line":16,"column":53}},"5":{"start":{"line":20,"column":4},"end":{"line":20,"column":53}},"6":{"start":{"line":20,"column":44},"end":{"line":20,"column":51}},"7":{"start":{"line":25,"column":2},"end":{"line":25,"column":61}},"8":{"start":{"line":25,"column":26},"end":{"line":25,"column":61}},"9":{"start":{"line":26,"column":2},"end":{"line":26,"column":27}},"10":{"start":{"line":29,"column":28},"end":{"line":29,"column":36}}},"fnMap":{"0":{"name":"(anonymous_0)","decl":{"start":{"line":6,"column":2},"end":{"line":6,"column":3}},"loc":{"start":{"line":6,"column":16},"end":{"line":8,"column":3}},"line":6},"1":{"name":"(anonymous_1)","decl":{"start":{"line":10,"column":2},"end":{"line":10,"column":3}},"loc":{"start":{"line":10,"column":18},"end":{"line":12,"column":3}},"line":10},"2":{"name":"(anonymous_2)","decl":{"start":{"line":14,"column":2},"end":{"line":14,"column":3}},"loc":{"start":{"line":14,"column":41},"end":{"line":17,"column":3}},"line":14},"3":{"name":"(anonymous_3)","decl":{"start":{"line":16,"column":12},"end":{"line":16,"column":13}},"loc":{"start":{"line":16,"column":19},"end":{"line":16,"column":53}},"line":16},"4":{"name":"(anonymous_4)","decl":{"start":{"line":19,"column":2},"end":{"line":19,"column":3}},"loc":{"start":{"line":19,"column":24},"end":{"line":21,"column":3}},"line":19},"5":{"name":"(anonymous_5)","decl":{"start":{"line":20,"column":37},"end":{"line":20,"column":38}},"loc":{"start":{"line":20,"column":44},"end":{"line":20,"column":51}},"line":20},"6":{"name":"(anonymous_6)","decl":{"start":{"line":24,"column":15},"end":{"line":24,"column":16}},"loc":{"start":{"line":24,"column":21},"end":{"line":27,"column":1}},"line":24}},"branchMap":{"0":{"loc":{"start":{"line":25,"column":2},"end":{"line":25,"column":61}},"type":"if","locations":[{"start":{"line":25,"column":2},"end":{"line":25,"column":61}},{"start":{},"end":{}}],"line":25}},"s":{"0":0,"1":0,"2":0,"3":0,"4":0,"5":0,"6":0,"7":0,"8":0,"9":0,"10":0},"f":{"0":0,"1":0,"2":0,"3":0,"4":0,"5":0,"6":0},"b":{"0":[0,0]}}
,"/Users/noah/Documents/paw-5/backend/connection.js": {"path":"/Users/noah/Documents/paw-5/backend/connection.js","statementMap":{"0":{"start":{"line":4,"column":0},"end":{"line":4,"column":42}},"1":{"start":{"line":6,"column":13},"end":{"line":6,"column":33}},"2":{"start":{"line":7,"column":12},"end":{"line":7,"column":36}},"3":{"start":{"line":8,"column":16},"end":{"line":14,"column":1}},"4":{"start":{"line":16,"column":19},"end":{"line":16,"column":44}}},"fnMap":{},"branchMap":{},"s":{"0":0,"1":0,"2":0,"3":0,"4":0},"f":{},"b":{}}
,"/Users/noah/Documents/paw-5/backend/featureFlags.js": {"path":"/Users/noah/Documents/paw-5/backend/featureFlags.js","statementMap":{"0":{"start":{"line":1,"column":25},"end":{"line":12,"column":1}}},"fnMap":{},"branchMap":{},"s":{"0":0},"f":{},"b":{}}
,"/Users/noah/Documents/paw-5/backend/login.js": {"path":"/Users/noah/Documents/paw-5/backend/login.js","statementMap":{"0":{"start":{"line":5,"column":11},"end":{"line":5,"column":21}},"1":{"start":{"line":7,"column":28},"end":{"line":10,"column":1}},"2":{"start":{"line":8,"column":15},"end":{"line":8,"column":41}},"3":{"start":{"line":9,"column":2},"end":{"line":9,"column":14}},"4":{"start":{"line":12,"column":22},"end":{"line":38,"column":1}},"5":{"start":{"line":13,"column":16},"end":{"line":13,"column":41}},"6":{"start":{"line":14,"column":27},"end":{"line":14,"column":60}},"7":{"start":{"line":16,"column":2},"end":{"line":16,"column":94}},"8":{"start":{"line":16,"column":40},"end":{"line":16,"column":94}},"9":{"start":{"line":17,"column":15},"end":{"line":17,"column":42}},"10":{"start":{"line":18,"column":17},"end":{"line":21,"column":3}},"11":{"start":{"line":22,"column":14},"end":{"line":23,"column":69}},"12":{"start":{"line":24,"column":2},"end":{"line":24,"column":68}},"13":{"start":{"line":24,"column":27},"end":{"line":24,"column":66}},"14":{"start":{"line":26,"column":22},"end":{"line":26,"column":63}},"15":{"start":{"line":27,"column":21},"end":{"line":27,"column":31}},"16":{"start":{"line":28,"column":2},"end":{"line":28,"column":48}},"17":{"start":{"line":30,"column":2},"end":{"line":37,"column":29}},"18":{"start":{"line":37,"column":16},"end":{"line":37,"column":27}},"19":{"start":{"line":40,"column":21},"end":{"line":63,"column":1}},"20":{"start":{"line":41,"column":16},"end":{"line":41,"column":63}},"21":{"start":{"line":43,"column":18},"end":{"line":43,"column":51}},"22":{"start":{"line":44,"column":2},"end":{"line":44,"column":54}},"23":{"start":{"line":44,"column":28},"end":{"line":44,"column":54}},"24":{"start":{"line":45,"column":15},"end":{"line":45,"column":25}},"25":{"start":{"line":47,"column":26},"end":{"line":47,"column":71}},"26":{"start":{"line":48,"column":2},"end":{"line":48,"column":50}},"27":{"start":{"line":48,"column":24},"end":{"line":48,"column":50}},"28":{"start":{"line":49,"column":2},"end":{"line":49,"column":77}},"29":{"start":{"line":51,"column":17},"end":{"line":51,"column":27}},"30":{"start":{"line":52,"column":2},"end":{"line":52,"column":40}},"31":{"start":{"line":54,"column":22},"end":{"line":54,"column":63}},"32":{"start":{"line":56,"column":2},"end":{"line":60,"column":5}},"33":{"start":{"line":62,"column":2},"end":{"line":62,"column":21}},"34":{"start":{"line":65,"column":36},"end":{"line":88,"column":1}},"35":{"start":{"line":66,"column":16},"end":{"line":66,"column":75}},"36":{"start":{"line":68,"column":18},"end":{"line":68,"column":48}},"37":{"start":{"line":70,"column":2},"end":{"line":70,"column":51}},"38":{"start":{"line":70,"column":28},"end":{"line":70,"column":51}},"39":{"start":{"line":72,"column":23},"end":{"line":72,"column":33}},"40":{"start":{"line":74,"column":2},"end":{"line":74,"column":77}},"41":{"start":{"line":76,"column":17},"end":{"line":76,"column":27}},"42":{"start":{"line":77,"column":2},"end":{"line":77,"column":40}},"43":{"start":{"line":79,"column":22},"end":{"line":79,"column":63}},"44":{"start":{"line":81,"column":2},"end":{"line":85,"column":5}},"45":{"start":{"line":87,"column":2},"end":{"line":87,"column":21}},"46":{"start":{"line":90,"column":30},"end":{"line":97,"column":1}},"47":{"start":{"line":91,"column":16},"end":{"line":91,"column":66}},"48":{"start":{"line":92,"column":15},"end":{"line":92,"column":37}},"49":{"start":{"line":94,"column":2},"end":{"line":94,"column":42}},"50":{"start":{"line":96,"column":2},"end":{"line":96,"column":77}},"51":{"start":{"line":99,"column":26},"end":{"line":106,"column":1}},"52":{"start":{"line":100,"column":16},"end":{"line":100,"column":54}},"53":{"start":{"line":102,"column":2},"end":{"line":102,"column":77}},"54":{"start":{"line":103,"column":2},"end":{"line":103,"column":36}},"55":{"start":{"line":105,"column":2},"end":{"line":105,"column":14}}},"fnMap":{"0":{"name":"(anonymous_0)","decl":{"start":{"line":7,"column":28},"end":{"line":7,"column":29}},"loc":{"start":{"line":7,"column":39},"end":{"line":10,"column":1}},"line":7},"1":{"name":"(anonymous_1)","decl":{"start":{"line":12,"column":22},"end":{"line":12,"column":23}},"loc":{"start":{"line":12,"column":38},"end":{"line":38,"column":1}},"line":12},"2":{"name":"(anonymous_2)","decl":{"start":{"line":37,"column":10},"end":{"line":37,"column":11}},"loc":{"start":{"line":37,"column":16},"end":{"line":37,"column":27}},"line":37},"3":{"name":"(anonymous_3)","decl":{"start":{"line":40,"column":21},"end":{"line":40,"column":22}},"loc":{"start":{"line":40,"column":51},"end":{"line":63,"column":1}},"line":40},"4":{"name":"(anonymous_4)","decl":{"start":{"line":65,"column":36},"end":{"line":65,"column":37}},"loc":{"start":{"line":65,"column":53},"end":{"line":88,"column":1}},"line":65},"5":{"name":"(anonymous_5)","decl":{"start":{"line":90,"column":30},"end":{"line":90,"column":31}},"loc":{"start":{"line":90,"column":60},"end":{"line":97,"column":1}},"line":90},"6":{"name":"(anonymous_6)","decl":{"start":{"line":99,"column":26},"end":{"line":99,"column":27}},"loc":{"start":{"line":99,"column":46},"end":{"line":106,"column":1}},"line":99}},"branchMap":{"0":{"loc":{"start":{"line":16,"column":2},"end":{"line":16,"column":94}},"type":"if","locations":[{"start":{"line":16,"column":2},"end":{"line":16,"column":94}},{"start":{},"end":{}}],"line":16},"1":{"loc":{"start":{"line":16,"column":6},"end":{"line":16,"column":38}},"type":"binary-expr","locations":[{"start":{"line":16,"column":6},"end":{"line":16,"column":20}},{"start":{"line":16,"column":24},"end":{"line":16,"column":38}}],"line":16},"2":{"loc":{"start":{"line":24,"column":2},"end":{"line":24,"column":68}},"type":"if","locations":[{"start":{"line":24,"column":2},"end":{"line":24,"column":68}},{"start":{},"end":{}}],"line":24},"3":{"loc":{"start":{"line":44,"column":2},"end":{"line":44,"column":54}},"type":"if","locations":[{"start":{"line":44,"column":2},"end":{"line":44,"column":54}},{"start":{},"end":{}}],"line":44},"4":{"loc":{"start":{"line":48,"column":2},"end":{"line":48,"column":50}},"type":"if","locations":[{"start":{"line":48,"column":2},"end":{"line":48,"column":50}},{"start":{},"end":{}}],"line":48},"5":{"loc":{"start":{"line":70,"column":2},"end":{"line":70,"column":51}},"type":"if","locations":[{"start":{"line":70,"column":2},"end":{"line":70,"column":51}},{"start":{},"end":{}}],"line":70}},"s":{"0":0,"1":0,"2":0,"3":0,"4":0,"5":0,"6":0,"7":0,"8":0,"9":0,"10":0,"11":0,"12":0,"13":0,"14":0,"15":0,"16":0,"17":0,"18":0,"19":0,"20":0,"21":0,"22":0,"23":0,"24":0,"25":0,"26":0,"27":0,"28":0,"29":0,"30":0,"31":0,"32":0,"33":0,"34":0,"35":0,"36":0,"37":0,"38":0,"39":0,"40":0,"41":0,"42":0,"43":0,"44":0,"45":0,"46":0,"47":0,"48":0,"49":0,"50":0,"51":0,"52":0,"53":0,"54":0,"55":0},"f":{"0":0,"1":0,"2":0,"3":0,"4":0,"5":0,"6":0},"b":{"0":[0,0],"1":[0,0],"2":[0,0],"3":[0,0],"4":[0,0],"5":[0,0]}}
,"/Users/noah/Documents/paw-5/backend/middleware.js": {"path":"/Users/noah/Documents/paw-5/backend/middleware.js","statementMap":{"0":{"start":{"line":5,"column":19},"end":{"line":5,"column":25}},"1":{"start":{"line":7,"column":21},"end":{"line":14,"column":1}},"2":{"start":{"line":8,"column":2},"end":{"line":13,"column":3}},"3":{"start":{"line":9,"column":4},"end":{"line":9,"column":11}},"4":{"start":{"line":11,"column":4},"end":{"line":11,"column":52}},"5":{"start":{"line":12,"column":4},"end":{"line":12,"column":53}},"6":{"start":{"line":16,"column":31},"end":{"line":35,"column":1}},"7":{"start":{"line":17,"column":18},"end":{"line":17,"column":21}},"8":{"start":{"line":18,"column":17},"end":{"line":18,"column":54}},"9":{"start":{"line":19,"column":22},"end":{"line":19,"column":31}},"10":{"start":{"line":20,"column":2},"end":{"line":34,"column":3}},"11":{"start":{"line":21,"column":4},"end":{"line":24,"column":5}},"12":{"start":{"line":22,"column":6},"end":{"line":22,"column":49}},"13":{"start":{"line":23,"column":6},"end":{"line":23,"column":35}},"14":{"start":{"line":25,"column":4},"end":{"line":30,"column":5}},"15":{"start":{"line":26,"column":6},"end":{"line":26,"column":13}},"16":{"start":{"line":28,"column":6},"end":{"line":28,"column":64}},"17":{"start":{"line":29,"column":6},"end":{"line":29,"column":62}},"18":{"start":{"line":32,"column":4},"end":{"line":32,"column":62}},"19":{"start":{"line":33,"column":4},"end":{"line":33,"column":60}},"20":{"start":{"line":37,"column":24},"end":{"line":44,"column":1}},"21":{"start":{"line":38,"column":2},"end":{"line":38,"column":49}},"22":{"start":{"line":39,"column":2},"end":{"line":42,"column":4}},"23":{"start":{"line":43,"column":2},"end":{"line":43,"column":9}},"24":{"start":{"line":46,"column":30},"end":{"line":63,"column":1}},"25":{"start":{"line":47,"column":28},"end":{"line":47,"column":39}},"26":{"start":{"line":49,"column":2},"end":{"line":57,"column":3}},"27":{"start":{"line":50,"column":33},"end":{"line":50,"column":79}},"28":{"start":{"line":51,"column":4},"end":{"line":51,"column":45}},"29":{"start":{"line":52,"column":9},"end":{"line":57,"column":3}},"30":{"start":{"line":53,"column":22},"end":{"line":53,"column":46}},"31":{"start":{"line":54,"column":4},"end":{"line":54,"column":47}},"32":{"start":{"line":56,"column":4},"end":{"line":56,"column":27}},"33":{"start":{"line":58,"column":2},"end":{"line":62,"column":7}},"34":{"start":{"line":61,"column":6},"end":{"line":61,"column":29}}},"fnMap":{"0":{"name":"(anonymous_0)","decl":{"start":{"line":7,"column":21},"end":{"line":7,"column":22}},"loc":{"start":{"line":7,"column":41},"end":{"line":14,"column":1}},"line":7},"1":{"name":"(anonymous_1)","decl":{"start":{"line":16,"column":31},"end":{"line":16,"column":32}},"loc":{"start":{"line":16,"column":51},"end":{"line":35,"column":1}},"line":16},"2":{"name":"(anonymous_2)","decl":{"start":{"line":37,"column":24},"end":{"line":37,"column":25}},"loc":{"start":{"line":37,"column":44},"end":{"line":44,"column":1}},"line":37},"3":{"name":"(anonymous_3)","decl":{"start":{"line":46,"column":30},"end":{"line":46,"column":31}},"loc":{"start":{"line":46,"column":50},"end":{"line":63,"column":1}},"line":46},"4":{"name":"(anonymous_4)","decl":{"start":{"line":60,"column":11},"end":{"line":60,"column":12}},"loc":{"start":{"line":60,"column":17},"end":{"line":62,"column":5}},"line":60}},"branchMap":{"0":{"loc":{"start":{"line":8,"column":2},"end":{"line":13,"column":3}},"type":"if","locations":[{"start":{"line":8,"column":2},"end":{"line":13,"column":3}},{"start":{"line":10,"column":9},"end":{"line":13,"column":3}}],"line":8},"1":{"loc":{"start":{"line":20,"column":2},"end":{"line":34,"column":3}},"type":"if","locations":[{"start":{"line":20,"column":2},"end":{"line":34,"column":3}},{"start":{"line":31,"column":9},"end":{"line":34,"column":3}}],"line":20},"2":{"loc":{"start":{"line":25,"column":4},"end":{"line":30,"column":5}},"type":"if","locations":[{"start":{"line":25,"column":4},"end":{"line":30,"column":5}},{"start":{"line":27,"column":11},"end":{"line":30,"column":5}}],"line":25},"3":{"loc":{"start":{"line":25,"column":8},"end":{"line":25,"column":44}},"type":"binary-expr","locations":[{"start":{"line":25,"column":8},"end":{"line":25,"column":21}},{"start":{"line":25,"column":25},"end":{"line":25,"column":44}}],"line":25},"4":{"loc":{"start":{"line":49,"column":2},"end":{"line":57,"column":3}},"type":"if","locations":[{"start":{"line":49,"column":2},"end":{"line":57,"column":3}},{"start":{"line":52,"column":9},"end":{"line":57,"column":3}}],"line":49},"5":{"loc":{"start":{"line":52,"column":9},"end":{"line":57,"column":3}},"type":"if","locations":[{"start":{"line":52,"column":9},"end":{"line":57,"column":3}},{"start":{"line":55,"column":9},"end":{"line":57,"column":3}}],"line":52}},"s":{"0":0,"1":0,"2":0,"3":0,"4":0,"5":0,"6":0,"7":0,"8":0,"9":0,"10":0,"11":0,"12":0,"13":0,"14":0,"15":0,"16":0,"17":0,"18":0,"19":0,"20":0,"21":0,"22":0,"23":0,"24":0,"25":0,"26":0,"27":0,"28":0,"29":0,"30":0,"31":0,"32":0,"33":0,"34":0},"f":{"0":0,"1":0,"2":0,"3":0,"4":0},"b":{"0":[0,0],"1":[0,0],"2":[0,0],"3":[0,0],"4":[0,0],"5":[0,0]}}
,"/Users/noah/Documents/paw-5/backend/server.js": {"path":"/Users/noah/Documents/paw-5/backend/server.js","statementMap":{"0":{"start":{"line":10,"column":12},"end":{"line":10,"column":21}},"1":{"start":{"line":12,"column":0},"end":{"line":15,"column":4}},"2":{"start":{"line":17,"column":0},"end":{"line":17,"column":16}},"3":{"start":{"line":18,"column":0},"end":{"line":18,"column":40}},"4":{"start":{"line":19,"column":0},"end":{"line":19,"column":27}},"5":{"start":{"line":21,"column":0},"end":{"line":27,"column":3}},"6":{"start":{"line":26,"column":2},"end":{"line":26,"column":47}},"7":{"start":{"line":29,"column":0},"end":{"line":29,"column":20}},"8":{"start":{"line":68,"column":0},"end":{"line":68,"column":25}}},"fnMap":{"0":{"name":"(anonymous_0)","decl":{"start":{"line":25,"column":20},"end":{"line":25,"column":21}},"loc":{"start":{"line":25,"column":26},"end":{"line":27,"column":1}},"line":25}},"branchMap":{},"s":{"0":0,"1":0,"2":0,"3":0,"4":0,"5":0,"6":0,"7":0,"8":0},"f":{"0":0},"b":{}}
,"/Users/noah/Documents/paw-5/backend/routers/Pics.js": {"path":"/Users/noah/Documents/paw-5/backend/routers/Pics.js","statementMap":{"0":{"start":{"line":3,"column":15},"end":{"line":3,"column":23}},"1":{"start":{"line":5,"column":26},"end":{"line":14,"column":1}},"2":{"start":{"line":6,"column":2},"end":{"line":10,"column":3}},"3":{"start":{"line":7,"column":4},"end":{"line":7,"column":25}},"4":{"start":{"line":8,"column":4},"end":{"line":8,"column":15}},"5":{"start":{"line":9,"column":4},"end":{"line":9,"column":13}},"6":{"start":{"line":12,"column":2},"end":{"line":12,"column":23}},"7":{"start":{"line":13,"column":2},"end":{"line":13,"column":11}},"8":{"start":{"line":16,"column":0},"end":{"line":16,"column":28}}},"fnMap":{"0":{"name":"(anonymous_0)","decl":{"start":{"line":5,"column":26},"end":{"line":5,"column":27}},"loc":{"start":{"line":5,"column":40},"end":{"line":14,"column":1}},"line":5}},"branchMap":{"0":{"loc":{"start":{"line":6,"column":2},"end":{"line":10,"column":3}},"type":"if","locations":[{"start":{"line":6,"column":2},"end":{"line":10,"column":3}},{"start":{},"end":{}}],"line":6}},"s":{"0":1,"1":1,"2":2,"3":2,"4":2,"5":0,"6":0,"7":0,"8":1},"f":{"0":2},"b":{"0":[2,0]},"_coverageSchema":"1a1c01bbd47fc00a2c39e90264f33305004495a9","hash":"4baaaeb9741d3b484f44f1bc024508de9ff45743"}
,"/Users/noah/Documents/paw-5/backend/routers/Users.js": {"path":"/Users/noah/Documents/paw-5/backend/routers/Users.js","statementMap":{"0":{"start":{"line":5,"column":19},"end":{"line":5,"column":33}},"1":{"start":{"line":7,"column":16},"end":{"line":7,"column":111}},"2":{"start":{"line":8,"column":15},"end":{"line":8,"column":23}},"3":{"start":{"line":31,"column":0},"end":{"line":49,"column":3}},"4":{"start":{"line":34,"column":6},"end":{"line":34,"column":15}},"5":{"start":{"line":35,"column":19},"end":{"line":35,"column":38}},"6":{"start":{"line":36,"column":2},"end":{"line":36,"column":65}},"7":{"start":{"line":38,"column":18},"end":{"line":40,"column":16}},"8":{"start":{"line":41,"column":17},"end":{"line":41,"column":47}},"9":{"start":{"line":42,"column":2},"end":{"line":44,"column":3}},"10":{"start":{"line":43,"column":4},"end":{"line":43,"column":39}},"11":{"start":{"line":46,"column":2},"end":{"line":48,"column":56}},"12":{"start":{"line":47,"column":23},"end":{"line":47,"column":44}},"13":{"start":{"line":48,"column":17},"end":{"line":48,"column":54}}},"fnMap":{"0":{"name":"(anonymous_0)","decl":{"start":{"line":31,"column":16},"end":{"line":31,"column":17}},"loc":{"start":{"line":31,"column":30},"end":{"line":49,"column":1}},"line":31},"1":{"name":"(anonymous_1)","decl":{"start":{"line":47,"column":10},"end":{"line":47,"column":11}},"loc":{"start":{"line":47,"column":23},"end":{"line":47,"column":44}},"line":47},"2":{"name":"(anonymous_2)","decl":{"start":{"line":48,"column":11},"end":{"line":48,"column":12}},"loc":{"start":{"line":48,"column":17},"end":{"line":48,"column":54}},"line":48}},"branchMap":{"0":{"loc":{"start":{"line":35,"column":19},"end":{"line":35,"column":38}},"type":"binary-expr","locations":[{"start":{"line":35,"column":19},"end":{"line":35,"column":33}},{"start":{"line":35,"column":37},"end":{"line":35,"column":38}}],"line":35},"1":{"loc":{"start":{"line":36,"column":17},"end":{"line":36,"column":34}},"type":"binary-expr","locations":[{"start":{"line":36,"column":17},"end":{"line":36,"column":29}},{"start":{"line":36,"column":33},"end":{"line":36,"column":34}}],"line":36},"2":{"loc":{"start":{"line":36,"column":44},"end":{"line":36,"column":63}},"type":"binary-expr","locations":[{"start":{"line":36,"column":44},"end":{"line":36,"column":57}},{"start":{"line":36,"column":61},"end":{"line":36,"column":63}}],"line":36},"3":{"loc":{"start":{"line":38,"column":18},"end":{"line":40,"column":16}},"type":"binary-expr","locations":[{"start":{"line":38,"column":18},"end":{"line":40,"column":9}},{"start":{"line":40,"column":13},"end":{"line":40,"column":16}}],"line":38},"4":{"loc":{"start":{"line":41,"column":26},"end":{"line":41,"column":45}},"type":"binary-expr","locations":[{"start":{"line":41,"column":26},"end":{"line":41,"column":39}},{"start":{"line":41,"column":43},"end":{"line":41,"column":45}}],"line":41},"5":{"loc":{"start":{"line":42,"column":2},"end":{"line":44,"column":3}},"type":"if","locations":[{"start":{"line":42,"column":2},"end":{"line":44,"column":3}},{"start":{},"end":{}}],"line":42}},"s":{"0":0,"1":0,"2":0,"3":0,"4":0,"5":0,"6":0,"7":0,"8":0,"9":0,"10":0,"11":0,"12":0,"13":0},"f":{"0":0,"1":0,"2":0},"b":{"0":[0,0],"1":[0,0],"2":[0,0],"3":[0,0],"4":[0,0],"5":[0,0]}}
,"/Users/noah/Documents/paw-5/backend/util/constants.js": {"path":"/Users/noah/Documents/paw-5/backend/util/constants.js","statementMap":{"0":{"start":{"line":1,"column":29},"end":{"line":1,"column":38}}},"fnMap":{},"branchMap":{},"s":{"0":0},"f":{},"b":{}}
}
